<?xml version="1.0" encoding="UTF-8"?>
<!-- Generated by org.testng.reporters.JUnitXMLReporter -->
<testsuite ignored="0" hostname="DESKTOP-JIHIAM1" failures="0" tests="4" name="Test" time="6.947" errors="0" timestamp="2024-09-27T11:41:26 BST">
  <testcase classname="api.test.UserTests" name="testPostUser" time="2.764"/>
  <testcase classname="api.test.UserTests" name="testGetUserByName" time="0.501"/>
  <testcase classname="api.test.UserTests" name="testUpdateUserByName" time="2.108"/>
  <testcase classname="api.test.UserTests" name="testDeleteUserByName" time="0.501"/>
</testsuite> <!-- Test -->
