<?xml version="1.0" encoding="UTF-8"?>
<!-- Generated by org.testng.reporters.JUnitXMLReporter -->
<testsuite ignored="0" hostname="DESKTOP-JIHIAM1" failures="0" tests="4" name="Surefire test" time="5.883" errors="0" timestamp="2024-10-10T16:33:57 BST">
  <testcase classname="api.test.UserTests" name="testPostUser" time="2.56"/>
  <testcase classname="api.test.UserTests" name="testGetUserByName" time="0.462"/>
  <testcase classname="api.test.UserTests" name="testUpdateUserByName" time="1.747"/>
  <testcase classname="api.test.UserTests" name="testDeleteUserByName" time="0.438"/>
</testsuite> <!-- Surefire test -->
